<?xml version="1.0" encoding="UTF-8"?>
<!-- Generated by org.testng.reporters.JUnitReportReporter -->
<testsuite skipped="0" hostname="DESKTOP-FPOCHHT" name="swe599.AppiumTestFramework.ApiDemoTest" tests="2" failures="0" timestamp="02 Tem 2020 10:45:46 GMT" time="73.191" errors="0">
  <testcase name="apiDemoTest" time="35.402" classname="swe599.AppiumTestFramework.ApiDemoTest"/>
  <testcase name="apiDemoTest" time="37.789" classname="swe599.AppiumTestFramework.ApiDemoTest"/>
</testsuite> <!-- swe599.AppiumTestFramework.ApiDemoTest -->
