<?xml version="1.0" encoding="UTF-8"?>
<!-- Generated by org.testng.reporters.JUnitReportReporter -->
<testsuite skipped="0" hostname="DESKTOP-FPOCHHT" name="swe599.AppiumTestFramework.Ecommerce_tc_4" tests="1" failures="0" timestamp="02 Tem 2020 10:43:41 GMT" time="42.349" errors="0">
  <testcase name="totalValidation" time="42.349" classname="swe599.AppiumTestFramework.Ecommerce_tc_4"/>
</testsuite> <!-- swe599.AppiumTestFramework.Ecommerce_tc_4 -->
